2026-03-31 13:20:11 Loading main app package /nix/store/5cms0daxplkzsrjpcn2g6ahfd7vrkal7-obsidian-1.10.3/share/obsidian/obsidian.asar
2026-03-31 13:20:13 Checking for update using Github
2026-03-31 13:20:15 Success.
2026-03-31 13:20:15 Latest version is 1.12.7
2026-03-31 13:20:15 Downloading update from https://github.com/obsidianmd/obsidian-releases/releases/download/v1.12.7/obsidian-1.12.7.asar.gz
2026-03-31 13:20:16 Verifying hash & signature. Size= 8323080
2026-03-31 13:20:16 Saving file
2026-03-31 13:20:16 Update complete.
2026-03-31 13:20:55 Loading updated app package /home/graff/.config/obsidian/obsidian-1.12.7.asar
2026-03-31 13:21:03 Loading updated app package /home/graff/.config/obsidian/obsidian-1.12.7.asar
2026-03-31 13:31:13 Loaded main app package /nix/store/zf6dqlg0hgxvi87kswkyn6d82s8qc5rg-obsidian-1.12.7/share/obsidian/obsidian.asar
2026-03-31 13:31:24 Loaded main app package /nix/store/zf6dqlg0hgxvi87kswkyn6d82s8qc5rg-obsidian-1.12.7/share/obsidian/obsidian.asar
2026-03-31 13:32:05 Loaded main app package /nix/store/zf6dqlg0hgxvi87kswkyn6d82s8qc5rg-obsidian-1.12.7/share/obsidian/obsidian.asar
2026-03-31 13:32:07 Loaded main app package /nix/store/zf6dqlg0hgxvi87kswkyn6d82s8qc5rg-obsidian-1.12.7/share/obsidian/obsidian.asar
2026-03-31 13:34:27 Loaded main app package /nix/store/zf6dqlg0hgxvi87kswkyn6d82s8qc5rg-obsidian-1.12.7/share/obsidian/obsidian.asar
2026-03-31 13:35:06 Loaded main app package /nix/store/zf6dqlg0hgxvi87kswkyn6d82s8qc5rg-obsidian-1.12.7/share/obsidian/obsidian.asar
2026-03-31 13:35:57 Loaded main app package /nix/store/zf6dqlg0hgxvi87kswkyn6d82s8qc5rg-obsidian-1.12.7/share/obsidian/obsidian.asar
2026-03-31 13:36:09 Loading updated app package /home/graff/.config/obsidian/obsidian-1.12.7.asar
2026-03-31 14:20:11 Checking for update using Github
2026-03-31 14:20:11 Success.
2026-03-31 14:20:11 Latest version is 1.12.7
2026-03-31 14:20:11 An update is already downloaded.
